2025-06-11 16:53:13,304 - INFO - Starting POSiTrad...
2025-06-11 16:53:13,305 - INFO - Launching GUI...
2025-06-11 16:54:20,791 - INFO - POSiTrad finished with code 0
2025-06-11 16:56:29,901 - INFO - Starting POSiTrad...
2025-06-11 16:56:29,902 - INFO - Launching GUI...
2025-06-11 16:56:50,372 - INFO - Starting POSiTrad...
2025-06-11 16:56:50,372 - INFO - Launching GUI...
2025-06-11 16:57:01,176 - INFO - Starting POSiTrad...
2025-06-11 16:57:01,176 - INFO - Launching GUI...
2025-06-11 16:57:47,167 - INFO - Starting POSiTrad...
2025-06-11 16:57:47,167 - INFO - Launching GUI...
2025-06-11 16:58:01,337 - INFO - POSiTrad finished with code 0
2025-06-11 16:58:02,330 - INFO - Starting POSiTrad...
2025-06-11 16:58:02,330 - INFO - Launching GUI...
2025-06-11 16:58:07,636 - INFO - POSiTrad finished with code 0
2025-06-11 16:58:47,642 - INFO - Starting POSiTrad...
2025-06-11 16:58:47,642 - INFO - Launching GUI...
2025-06-11 16:58:52,829 - DEBUG - Setting archived status for index 0 to True
2025-06-11 16:58:52,829 - INFO - Item 60000001 archived status set to True
2025-06-11 16:58:53,279 - DEBUG - Setting archived status for index 0 to False
2025-06-11 16:58:53,279 - INFO - Item 60000001 archived status set to False
2025-06-11 16:58:55,015 - INFO - POSiTrad finished with code 0
2025-06-11 16:59:20,384 - INFO - Starting POSiTrad...
2025-06-11 16:59:20,384 - INFO - Launching GUI...
2025-06-11 16:59:22,911 - DEBUG - Setting archived status for index 0 to True
2025-06-11 16:59:22,911 - INFO - Item 60000001 archived status set to True
2025-06-11 16:59:24,031 - DEBUG - Setting archived status for index 0 to False
2025-06-11 16:59:24,032 - INFO - Item 60000001 archived status set to False
2025-06-11 16:59:25,967 - DEBUG - Setting archived status for index 0 to True
2025-06-11 16:59:25,967 - INFO - Item 60000001 archived status set to True
2025-06-11 16:59:26,537 - DEBUG - Setting archived status for index 0 to False
2025-06-11 16:59:26,538 - INFO - Item 60000001 archived status set to False
2025-06-11 16:59:27,198 - DEBUG - Setting archived status for index 2 to True
2025-06-11 16:59:27,198 - INFO - Item 60000003 archived status set to True
2025-06-11 16:59:28,195 - DEBUG - Setting archived status for index 2 to False
2025-06-11 16:59:28,196 - INFO - Item 60000003 archived status set to False
2025-06-11 16:59:31,643 - INFO - POSiTrad finished with code 0
2025-06-11 17:00:27,994 - INFO - Starting POSiTrad...
2025-06-11 17:00:27,994 - INFO - Launching GUI...
2025-06-11 17:00:31,241 - DEBUG - Setting archived status for index 0 to True
2025-06-11 17:00:31,241 - INFO - Item 60000001 archived status set to True
2025-06-11 17:00:38,845 - DEBUG - Setting archived status for index 0 to False
2025-06-11 17:00:38,846 - INFO - Item 60000001 archived status set to False
2025-06-11 17:00:40,326 - INFO - POSiTrad finished with code 0
2025-06-11 17:01:14,933 - INFO - Starting POSiTrad...
2025-06-11 17:01:14,934 - INFO - Launching GUI...
2025-06-11 17:01:37,174 - INFO - POSiTrad finished with code 0
2025-06-11 17:01:50,924 - INFO - Starting POSiTrad...
2025-06-11 17:01:50,925 - INFO - Launching GUI...
2025-06-11 17:02:14,901 - DEBUG - Setting archived status for index 0 to True
2025-06-11 17:02:14,901 - INFO - Item 30000001 archived status set to True
2025-06-11 17:02:19,280 - INFO - POSiTrad finished with code 0
2025-06-11 17:02:20,736 - INFO - Starting POSiTrad...
2025-06-11 17:02:20,736 - INFO - Launching GUI...
2025-06-11 17:02:25,962 - INFO - POSiTrad finished with code 0
2025-06-11 18:00:23,989 - INFO - Starting POSiTrad...
2025-06-11 18:00:23,989 - INFO - Launching GUI...
2025-06-11 18:00:51,410 - INFO - POSiTrad finished with code 0
2025-06-11 18:00:52,528 - INFO - Starting POSiTrad...
2025-06-11 18:00:52,528 - INFO - Launching GUI...
2025-06-11 18:01:06,181 - INFO - POSiTrad finished with code 0
2025-06-11 18:01:07,525 - INFO - Starting POSiTrad...
2025-06-11 18:01:07,525 - INFO - Launching GUI...
2025-06-11 18:01:13,687 - INFO - POSiTrad finished with code 0
2025-06-11 18:01:15,154 - INFO - Starting POSiTrad...
2025-06-11 18:01:15,155 - INFO - Launching GUI...
2025-06-11 18:01:19,506 - DEBUG - No change in translation for index 1, keeping 'COMBOS'
2025-06-11 18:01:21,405 - DEBUG - No change in translation for index 1, keeping 'COMBOS'
2025-06-11 18:01:32,440 - INFO - POSiTrad finished with code 0
2025-06-11 18:03:10,501 - INFO - Starting POSiTrad...
2025-06-11 18:03:10,501 - INFO - Launching GUI...
2025-06-11 18:03:32,653 - DEBUG - Setting translation for index 0 to 'TAKEOUT'
2025-06-11 18:03:32,653 - INFO - Item 30000001 translation set to 'TAKEOUT'
2025-06-11 18:03:33,001 - DEBUG - No change in translation for index 0, keeping 'TAKEOUT'
2025-06-11 18:03:37,350 - DEBUG - Setting translation for index 1 to 'NAMe'
2025-06-11 18:03:37,350 - INFO - Item 30000002 translation set to 'NAMe'
2025-06-11 18:03:38,795 - DEBUG - Setting translation for index 1 to 'NAME'
2025-06-11 18:03:38,795 - INFO - Item 30000002 translation set to 'NAME'
2025-06-11 18:03:39,051 - DEBUG - No change in translation for index 1, keeping 'NAME'
2025-06-11 18:03:44,004 - DEBUG - Setting translation for index 1 to ''
2025-06-11 18:03:44,004 - INFO - Item 30000002 translation set to ''
2025-06-11 18:03:44,376 - DEBUG - Setting translation for index 0 to ''
2025-06-11 18:03:44,376 - INFO - Item 30000001 translation set to ''
2025-06-11 18:03:45,128 - DEBUG - No change in translation for index 0, keeping ''
2025-06-11 18:03:53,437 - INFO - POSiTrad finished with code 0
2025-06-11 18:04:09,919 - INFO - Starting POSiTrad...
2025-06-11 18:04:09,919 - INFO - Launching GUI...
2025-06-11 18:04:24,119 - INFO - POSiTrad finished with code 0
2025-06-11 18:05:52,166 - INFO - Starting POSiTrad...
2025-06-11 18:05:52,166 - INFO - Launching GUI...
2025-06-11 18:05:54,565 - INFO - POSiTrad finished with code 0
2025-06-11 18:06:04,804 - INFO - Starting POSiTrad...
2025-06-11 18:06:04,804 - INFO - Launching GUI...
2025-06-11 18:06:06,251 - INFO - POSiTrad finished with code 0
2025-06-11 18:06:31,573 - INFO - Starting POSiTrad...
2025-06-11 18:06:31,573 - INFO - Launching GUI...
2025-06-11 18:06:58,406 - INFO - POSiTrad finished with code 0
2025-06-11 18:07:31,116 - INFO - Starting POSiTrad...
2025-06-11 18:07:31,116 - INFO - Launching GUI...
2025-06-11 18:07:38,669 - INFO - POSiTrad finished with code 0
2025-06-11 18:07:52,668 - INFO - Starting POSiTrad...
2025-06-11 18:07:52,668 - INFO - Launching GUI...
2025-06-11 18:07:57,748 - INFO - POSiTrad finished with code 0
2025-06-11 18:08:43,310 - INFO - Starting POSiTrad...
2025-06-11 18:08:43,310 - INFO - Launching GUI...
2025-06-11 18:08:55,581 - INFO - Starting POSiTrad...
2025-06-11 18:08:55,581 - INFO - Launching GUI...
2025-06-11 18:08:57,092 - INFO - POSiTrad finished with code 0
2025-06-11 18:09:14,591 - INFO - Starting POSiTrad...
2025-06-11 18:09:14,591 - INFO - Launching GUI...
2025-06-11 18:09:19,827 - INFO - POSiTrad finished with code 0
2025-06-11 18:09:49,951 - INFO - Starting POSiTrad...
2025-06-11 18:09:49,951 - INFO - Launching GUI...
2025-06-11 18:10:04,458 - DEBUG - Setting archived status for index 1 to False
2025-06-11 18:10:04,460 - INFO - Item 10000006 archived status set to False
2025-06-11 18:10:27,704 - INFO - POSiTrad finished with code 0
2025-06-11 18:10:50,909 - INFO - Starting POSiTrad...
2025-06-11 18:10:50,909 - INFO - Launching GUI...
2025-06-11 18:11:10,672 - INFO - POSiTrad finished with code 0
2025-06-11 18:11:32,364 - INFO - Starting POSiTrad...
2025-06-11 18:11:32,364 - INFO - Launching GUI...
2025-06-11 18:11:33,534 - INFO - POSiTrad finished with code 0
2025-06-11 18:11:44,826 - INFO - Starting POSiTrad...
2025-06-11 18:11:44,827 - INFO - Launching GUI...
2025-06-11 18:11:47,834 - INFO - POSiTrad finished with code 0
2025-06-11 18:11:56,932 - INFO - Starting POSiTrad...
2025-06-11 18:11:56,932 - INFO - Launching GUI...
2025-06-11 18:12:18,794 - INFO - Starting POSiTrad...
2025-06-11 18:12:18,794 - INFO - Launching GUI...
2025-06-11 18:12:22,529 - INFO - POSiTrad finished with code 0
2025-06-11 18:12:28,203 - INFO - Starting POSiTrad...
2025-06-11 18:12:28,203 - INFO - Launching GUI...
2025-06-11 18:12:35,704 - INFO - POSiTrad finished with code 0
2025-06-11 18:12:45,889 - INFO - Starting POSiTrad...
2025-06-11 18:12:45,889 - INFO - Launching GUI...
2025-06-11 18:12:47,534 - INFO - POSiTrad finished with code 0
2025-06-11 18:12:51,920 - INFO - Starting POSiTrad...
2025-06-11 18:12:51,920 - INFO - Launching GUI...
2025-06-11 18:12:54,079 - INFO - POSiTrad finished with code 0
2025-06-11 18:13:22,278 - INFO - Starting POSiTrad...
2025-06-11 18:13:22,278 - INFO - Launching GUI...
2025-06-11 18:13:27,172 - INFO - POSiTrad finished with code 0
2025-06-11 18:13:47,098 - INFO - Starting POSiTrad...
2025-06-11 18:13:47,098 - INFO - Launching GUI...
2025-06-11 18:14:02,771 - INFO - Starting POSiTrad...
2025-06-11 18:14:02,772 - INFO - Launching GUI...
2025-06-11 18:14:09,040 - INFO - POSiTrad finished with code 0
2025-06-11 18:14:55,802 - INFO - Starting POSiTrad...
2025-06-11 18:14:55,802 - INFO - Launching GUI...
2025-06-11 18:15:38,024 - INFO - POSiTrad finished with code 0
2025-06-11 18:16:03,340 - INFO - Starting POSiTrad...
2025-06-11 18:16:03,341 - INFO - Launching GUI...
2025-06-11 18:16:40,390 - INFO - POSiTrad finished with code 0
2025-06-11 18:16:51,167 - INFO - Starting POSiTrad...
2025-06-11 18:16:51,167 - INFO - Launching GUI...
2025-06-11 18:17:08,087 - INFO - POSiTrad finished with code 0
2025-06-11 18:17:11,154 - INFO - Starting POSiTrad...
2025-06-11 18:17:11,154 - INFO - Launching GUI...
2025-06-11 18:18:02,164 - INFO - POSiTrad finished with code 0
2025-06-11 18:19:37,050 - INFO - Starting POSiTrad...
2025-06-11 18:19:37,050 - INFO - Launching GUI...
2025-06-11 18:19:40,339 - INFO - POSiTrad finished with code 0
2025-06-11 18:20:17,332 - INFO - Starting POSiTrad...
2025-06-11 18:20:17,332 - INFO - Launching GUI...
2025-06-11 18:20:32,265 - INFO - POSiTrad finished with code 0
2025-06-11 18:20:36,703 - INFO - Starting POSiTrad...
2025-06-11 18:20:36,703 - INFO - Launching GUI...
2025-06-11 18:20:41,195 - INFO - POSiTrad finished with code 0
2025-06-11 18:20:50,397 - INFO - Starting POSiTrad...
2025-06-11 18:20:50,397 - INFO - Launching GUI...
2025-06-11 18:20:58,856 - INFO - POSiTrad finished with code 0
2025-06-11 18:21:24,956 - INFO - Starting POSiTrad...
2025-06-11 18:21:24,956 - INFO - Launching GUI...
2025-06-11 18:21:42,838 - INFO - POSiTrad finished with code 0
2025-06-11 18:22:17,011 - INFO - Starting POSiTrad...
2025-06-11 18:22:17,011 - INFO - Launching GUI...
2025-06-11 18:22:20,742 - INFO - POSiTrad finished with code 0
2025-06-11 18:22:22,382 - INFO - Starting POSiTrad...
2025-06-11 18:22:22,382 - INFO - Launching GUI...
2025-06-11 18:22:27,540 - INFO - POSiTrad finished with code 0
2025-06-11 18:26:01,857 - INFO - Starting POSiTrad...
2025-06-11 18:26:01,857 - INFO - Launching GUI...
2025-06-11 18:26:12,686 - INFO - POSiTrad finished with code 0
2025-06-11 18:26:30,251 - INFO - Starting POSiTrad...
2025-06-11 18:26:30,251 - INFO - Launching GUI...
2025-06-11 18:26:35,396 - INFO - POSiTrad finished with code 0
2025-06-11 18:26:55,410 - INFO - Starting POSiTrad...
2025-06-11 18:26:55,410 - INFO - Launching GUI...
2025-06-11 18:26:58,865 - INFO - POSiTrad finished with code 0
2025-06-11 18:27:27,401 - INFO - Starting POSiTrad...
2025-06-11 18:27:27,401 - INFO - Launching GUI...
2025-06-11 18:27:36,617 - INFO - POSiTrad finished with code 0
2025-06-11 18:27:57,634 - INFO - Starting POSiTrad...
2025-06-11 18:27:57,634 - INFO - Launching GUI...
2025-06-11 18:28:05,266 - INFO - POSiTrad finished with code 0
2025-06-11 18:28:15,499 - INFO - Starting POSiTrad...
2025-06-11 18:28:15,499 - INFO - Launching GUI...
2025-06-11 18:28:25,994 - INFO - POSiTrad finished with code 0
2025-06-11 18:32:11,691 - INFO - Starting POSiTrad...
2025-06-11 18:32:11,691 - INFO - Launching GUI...
2025-06-11 18:32:23,588 - INFO - POSiTrad finished with code 0
2025-06-11 18:32:30,855 - INFO - Starting POSiTrad...
2025-06-11 18:32:30,855 - INFO - Launching GUI...
2025-06-11 18:32:37,660 - INFO - POSiTrad finished with code 0
2025-06-11 18:32:53,807 - INFO - Starting POSiTrad...
2025-06-11 18:32:53,807 - INFO - Launching GUI...
2025-06-11 18:33:43,296 - INFO - POSiTrad finished with code 0
2025-06-11 18:35:37,332 - INFO - Starting POSiTrad...
2025-06-11 18:35:37,332 - INFO - Launching GUI...
2025-06-11 18:36:53,845 - INFO - POSiTrad finished with code 0
2025-06-11 18:37:14,525 - INFO - Starting POSiTrad...
2025-06-11 18:37:14,526 - INFO - Launching GUI...
2025-06-11 18:37:50,604 - INFO - POSiTrad finished with code 0
2025-06-11 18:39:25,576 - INFO - Starting POSiTrad...
2025-06-11 18:39:25,576 - INFO - Launching GUI...
2025-06-11 18:40:06,133 - INFO - POSiTrad finished with code 0
2025-06-11 18:40:34,514 - INFO - Starting POSiTrad...
2025-06-11 18:40:34,514 - INFO - Launching GUI...
2025-06-11 18:40:47,138 - INFO - POSiTrad finished with code 0
2025-06-11 18:41:02,551 - INFO - Starting POSiTrad...
2025-06-11 18:41:02,551 - INFO - Launching GUI...
2025-06-11 18:41:58,238 - INFO - POSiTrad finished with code 0
2025-06-11 19:31:15,878 - INFO - Starting POSiTrad...
2025-06-11 19:31:15,878 - INFO - Launching GUI...
2025-06-11 19:47:49,218 - INFO - POSiTrad finished with code 0
2025-06-11 19:47:49,344 - INFO - Starting POSiTrad...
2025-06-11 19:47:49,344 - INFO - Launching GUI...
2025-06-11 19:48:22,459 - INFO - POSiTrad finished with code 0
2025-06-11 19:49:18,292 - INFO - Starting POSiTrad...
2025-06-11 19:49:18,292 - INFO - Launching GUI...
2025-06-11 19:49:46,726 - INFO - Starting POSiTrad...
2025-06-11 19:49:46,726 - INFO - Launching GUI...
2025-06-11 19:50:00,503 - INFO - Starting POSiTrad...
2025-06-11 19:50:00,503 - INFO - Launching GUI...
2025-06-11 19:50:07,232 - INFO - POSiTrad finished with code 0
2025-06-11 19:50:52,104 - INFO - Starting POSiTrad...
2025-06-11 19:50:52,104 - INFO - Launching GUI...
2025-06-11 19:50:58,692 - INFO - POSiTrad finished with code 0
2025-06-11 19:52:52,016 - INFO - Starting POSiTrad...
2025-06-11 19:52:52,016 - INFO - Launching GUI...
2025-06-11 19:52:58,560 - INFO - POSiTrad finished with code 0
2025-06-11 19:53:00,002 - INFO - Starting POSiTrad...
2025-06-11 19:53:00,002 - INFO - Launching GUI...
2025-06-11 19:53:01,891 - INFO - POSiTrad finished with code 0
2025-06-11 19:54:38,106 - INFO - Starting POSiTrad...
2025-06-11 19:54:38,106 - INFO - Launching GUI...
2025-06-11 19:54:39,930 - DEBUG - No change in translation for index 0, keeping '5oz T. BEEF'
2025-06-11 19:54:41,150 - DEBUG - No change in translation for index 0, keeping 'TARTARS'
2025-06-11 19:54:42,338 - DEBUG - No change in translation for index 0, keeping 'LUNCH MENU'
2025-06-11 19:54:45,578 - DEBUG - No change in translation for index 0, keeping ''
2025-06-11 20:00:33,851 - INFO - POSiTrad finished with code 0
2025-06-11 20:00:55,694 - INFO - Starting POSiTrad...
2025-06-11 20:00:55,694 - INFO - Launching GUI...
2025-06-11 20:01:30,583 - INFO - POSiTrad finished with code 0
2025-06-11 20:43:09,200 - INFO - Starting POSiTrad...
2025-06-11 20:43:09,200 - INFO - Launching GUI...
2025-06-11 20:46:13,677 - INFO - POSiTrad finished with code 0
2025-06-11 20:47:09,136 - INFO - Starting POSiTrad...
2025-06-11 20:47:09,136 - INFO - Launching GUI...
2025-06-11 20:47:13,403 - INFO - POSiTrad finished with code 0
2025-06-11 20:49:19,975 - INFO - Starting POSiTrad...
2025-06-11 20:49:19,975 - INFO - Launching GUI...
2025-06-11 20:49:25,325 - INFO - POSiTrad finished with code 0
2025-06-11 20:49:45,900 - INFO - Starting POSiTrad...
2025-06-11 20:49:45,900 - INFO - Launching GUI...
2025-06-11 20:50:02,639 - INFO - POSiTrad finished with code 0
2025-06-11 20:50:18,468 - INFO - Starting POSiTrad...
2025-06-11 20:50:18,468 - INFO - Launching GUI...
2025-06-11 20:50:33,419 - INFO - POSiTrad finished with code 0
2025-06-11 20:53:06,967 - INFO - Starting POSiTrad...
2025-06-11 20:53:06,967 - INFO - Launching GUI...
2025-06-11 20:53:19,541 - INFO - POSiTrad finished with code 0
2025-06-11 20:54:04,335 - INFO - Starting POSiTrad...
2025-06-11 20:54:04,336 - INFO - Launching GUI...
2025-06-11 20:54:15,053 - INFO - POSiTrad finished with code 0
2025-06-11 20:55:25,663 - INFO - Starting POSiTrad...
2025-06-11 20:55:25,663 - INFO - Launching GUI...
2025-06-11 20:55:30,901 - INFO - POSiTrad finished with code 0
2025-06-11 20:56:18,397 - INFO - Starting POSiTrad...
2025-06-11 20:56:18,397 - INFO - Launching GUI...
2025-06-11 20:56:27,322 - INFO - POSiTrad finished with code 0
2025-06-11 20:56:36,460 - INFO - Starting POSiTrad...
2025-06-11 20:56:36,460 - INFO - Launching GUI...
2025-06-11 20:56:51,619 - INFO - POSiTrad finished with code 0
2025-06-11 20:57:59,451 - INFO - Starting POSiTrad...
2025-06-11 20:57:59,452 - INFO - Launching GUI...
2025-06-11 20:58:09,358 - INFO - POSiTrad finished with code 0
2025-06-11 20:58:41,628 - INFO - Starting POSiTrad...
2025-06-11 20:58:41,628 - INFO - Launching GUI...
2025-06-11 20:58:54,778 - INFO - POSiTrad finished with code 0
2025-06-11 20:59:44,901 - INFO - Starting POSiTrad...
2025-06-11 20:59:44,901 - INFO - Launching GUI...
2025-06-11 20:59:46,574 - INFO - POSiTrad finished with code 0
2025-06-11 21:00:08,635 - INFO - Starting POSiTrad...
2025-06-11 21:00:08,635 - INFO - Launching GUI...
2025-06-11 21:00:17,035 - INFO - POSiTrad finished with code 0
2025-06-11 21:02:30,995 - INFO - Starting POSiTrad...
2025-06-11 21:02:30,995 - INFO - Launching GUI...
2025-06-11 21:02:37,313 - INFO - POSiTrad finished with code 0
2025-06-11 21:03:10,343 - INFO - Starting POSiTrad...
2025-06-11 21:03:10,343 - INFO - Launching GUI...
2025-06-11 21:03:32,298 - INFO - POSiTrad finished with code 0
2025-06-11 21:04:58,955 - INFO - Starting POSiTrad...
2025-06-11 21:04:58,955 - INFO - Launching GUI...
2025-06-11 21:05:28,493 - INFO - POSiTrad finished with code 0
2025-06-11 21:05:59,965 - INFO - Starting POSiTrad...
2025-06-11 21:05:59,965 - INFO - Launching GUI...
2025-06-11 21:06:25,184 - INFO - POSiTrad finished with code 0
2025-06-11 21:07:58,553 - INFO - Starting POSiTrad...
2025-06-11 21:07:58,553 - INFO - Launching GUI...
2025-06-11 21:08:05,337 - INFO - Starting POSiTrad...
2025-06-11 21:08:05,337 - INFO - Launching GUI...
2025-06-11 21:08:12,904 - INFO - POSiTrad finished with code 0
2025-06-11 21:08:48,913 - INFO - Starting POSiTrad...
2025-06-11 21:08:48,913 - INFO - Launching GUI...
2025-06-11 21:09:01,394 - INFO - POSiTrad finished with code 0
2025-06-11 21:10:06,637 - INFO - Starting POSiTrad...
2025-06-11 21:10:06,637 - INFO - Launching GUI...
2025-06-11 21:10:27,494 - INFO - POSiTrad finished with code 0
2025-06-11 21:11:00,192 - INFO - Starting POSiTrad...
2025-06-11 21:11:00,192 - INFO - Launching GUI...
2025-06-11 21:11:35,634 - INFO - POSiTrad finished with code 0
2025-06-11 21:13:13,232 - INFO - Starting POSiTrad...
2025-06-11 21:13:13,232 - INFO - Launching GUI...
2025-06-11 21:13:18,457 - INFO - POSiTrad finished with code 0
2025-06-11 21:14:42,016 - INFO - Starting POSiTrad...
2025-06-11 21:14:42,016 - INFO - Launching GUI...
2025-06-11 21:15:06,622 - DEBUG - Setting archived status for index 1 to False
2025-06-11 21:15:06,624 - INFO - Item 10000002 archived status set to False
2025-06-11 21:15:07,878 - DEBUG - Setting archived status for index 1 to True
2025-06-11 21:15:07,880 - INFO - Item 10000002 archived status set to True
2025-06-11 21:15:10,646 - INFO - POSiTrad finished with code 0
2025-06-11 21:17:14,699 - INFO - Starting POSiTrad...
2025-06-11 21:17:14,699 - INFO - Launching GUI...
2025-06-11 21:17:27,615 - INFO - POSiTrad finished with code 0
2025-06-11 21:17:43,088 - INFO - Starting POSiTrad...
2025-06-11 21:17:43,088 - INFO - Launching GUI...
2025-06-11 21:19:26,895 - INFO - POSiTrad finished with code 0
2025-06-11 21:19:34,152 - INFO - Starting POSiTrad...
2025-06-11 21:19:34,152 - INFO - Launching GUI...
2025-06-11 21:20:02,176 - INFO - POSiTrad finished with code 0
2025-06-11 21:20:18,172 - INFO - Starting POSiTrad...
2025-06-11 21:20:18,172 - INFO - Launching GUI...
2025-06-11 21:22:24,003 - INFO - POSiTrad finished with code 0
2025-06-11 21:23:02,603 - INFO - Starting POSiTrad...
2025-06-11 21:23:02,603 - INFO - Launching GUI...
2025-06-11 21:25:42,606 - INFO - POSiTrad finished with code 0
2025-06-11 21:26:29,586 - INFO - Starting POSiTrad...
2025-06-11 21:26:29,586 - INFO - Launching GUI...
2025-06-11 21:28:33,118 - INFO - POSiTrad finished with code 0
2025-06-11 21:29:36,665 - INFO - Starting POSiTrad...
2025-06-11 21:29:36,665 - INFO - Launching GUI...
2025-06-11 21:29:48,329 - INFO - POSiTrad finished with code 0
2025-06-11 21:29:55,184 - INFO - Starting POSiTrad...
2025-06-11 21:29:55,184 - INFO - Launching GUI...
2025-06-11 21:29:59,225 - INFO - POSiTrad finished with code 0
2025-06-11 21:30:14,652 - INFO - Starting POSiTrad...
2025-06-11 21:30:14,652 - INFO - Launching GUI...
2025-06-11 21:31:35,152 - INFO - POSiTrad finished with code 0
2025-06-11 21:36:36,828 - INFO - Starting POSiTrad...
2025-06-11 21:36:36,828 - INFO - Launching GUI...
2025-06-11 21:36:50,489 - INFO - Starting POSiTrad...
2025-06-11 21:36:50,489 - INFO - Launching GUI...
2025-06-11 21:38:12,777 - INFO - Starting POSiTrad...
2025-06-11 21:38:12,777 - INFO - Launching GUI...
2025-06-11 21:38:20,680 - INFO - POSiTrad finished with code 0
2025-06-11 21:38:43,814 - INFO - Starting POSiTrad...
2025-06-11 21:38:43,814 - INFO - Launching GUI...
2025-06-11 21:38:48,119 - INFO - POSiTrad finished with code 0
2025-06-11 21:38:57,078 - INFO - Starting POSiTrad...
2025-06-11 21:38:57,079 - INFO - Launching GUI...
2025-06-11 21:40:51,538 - INFO - POSiTrad finished with code 0
2025-06-11 21:40:51,667 - INFO - Starting POSiTrad...
2025-06-11 21:40:51,667 - INFO - Launching GUI...
2025-06-11 21:40:57,965 - INFO - POSiTrad finished with code 0
2025-06-11 21:41:03,305 - INFO - Starting POSiTrad...
2025-06-11 21:41:03,305 - INFO - Launching GUI...
2025-06-11 21:41:06,157 - INFO - POSiTrad finished with code 0
2025-06-11 21:41:18,608 - INFO - Starting POSiTrad...
2025-06-11 21:41:18,608 - INFO - Launching GUI...
2025-06-11 21:43:14,395 - INFO - POSiTrad finished with code 0
2025-06-11 21:43:39,483 - INFO - Starting POSiTrad...
2025-06-11 21:43:39,483 - INFO - Launching GUI...
2025-06-11 21:44:11,021 - INFO - POSiTrad finished with code 0
2025-06-11 21:44:18,153 - INFO - Starting POSiTrad...
2025-06-11 21:44:18,153 - INFO - Launching GUI...
2025-06-11 21:44:23,619 - INFO - POSiTrad finished with code 0
2025-06-11 21:44:35,305 - INFO - Starting POSiTrad...
2025-06-11 21:44:35,305 - INFO - Launching GUI...
2025-06-11 21:45:19,623 - INFO - POSiTrad finished with code 0
2025-06-11 21:45:47,813 - INFO - Starting POSiTrad...
2025-06-11 21:45:47,813 - INFO - Launching GUI...
2025-06-11 21:45:58,759 - INFO - POSiTrad finished with code 0
2025-06-11 21:46:46,163 - INFO - Starting POSiTrad...
2025-06-11 21:46:46,163 - INFO - Launching GUI...
2025-06-11 21:46:51,397 - INFO - POSiTrad finished with code 0
2025-06-11 21:46:57,287 - INFO - Starting POSiTrad...
2025-06-11 21:46:57,288 - INFO - Launching GUI...
2025-06-11 21:47:03,880 - INFO - POSiTrad finished with code 0
2025-06-11 21:47:30,812 - INFO - Starting POSiTrad...
2025-06-11 21:47:30,813 - INFO - Launching GUI...
2025-06-11 21:47:33,347 - INFO - POSiTrad finished with code 0
2025-06-11 21:47:39,950 - INFO - Starting POSiTrad...
2025-06-11 21:47:39,950 - INFO - Launching GUI...
2025-06-11 21:47:42,163 - INFO - POSiTrad finished with code 0
2025-06-11 21:48:03,173 - INFO - Starting POSiTrad...
2025-06-11 21:48:03,173 - INFO - Launching GUI...
2025-06-11 21:48:10,563 - INFO - POSiTrad finished with code 0
2025-06-11 21:48:21,681 - INFO - Starting POSiTrad...
2025-06-11 21:48:21,681 - INFO - Launching GUI...
2025-06-11 21:48:26,039 - INFO - POSiTrad finished with code 0
2025-06-11 21:48:31,478 - INFO - Starting POSiTrad...
2025-06-11 21:48:31,479 - INFO - Launching GUI...
2025-06-11 21:48:36,137 - INFO - POSiTrad finished with code 0
2025-06-11 21:49:18,376 - INFO - Starting POSiTrad...
2025-06-11 21:49:18,376 - INFO - Launching GUI...
2025-06-11 21:49:21,639 - INFO - POSiTrad finished with code 0
2025-06-11 21:49:30,269 - INFO - Starting POSiTrad...
2025-06-11 21:49:30,269 - INFO - Launching GUI...
2025-06-11 21:49:33,055 - INFO - POSiTrad finished with code 0
2025-06-11 21:49:45,339 - INFO - Starting POSiTrad...
2025-06-11 21:49:45,339 - INFO - Launching GUI...
2025-06-11 21:49:51,319 - INFO - Starting POSiTrad...
2025-06-11 21:49:51,320 - INFO - Launching GUI...
2025-06-11 21:49:57,133 - INFO - POSiTrad finished with code 0
2025-06-11 21:50:53,570 - INFO - Starting POSiTrad...
2025-06-11 21:50:53,570 - INFO - Launching GUI...
2025-06-11 21:50:57,624 - INFO - POSiTrad finished with code 0
2025-06-11 21:51:12,871 - INFO - Starting POSiTrad...
2025-06-11 21:51:12,871 - INFO - Launching GUI...
2025-06-11 21:51:15,944 - INFO - POSiTrad finished with code 0
2025-06-11 21:52:21,166 - INFO - Starting POSiTrad...
2025-06-11 21:52:21,167 - INFO - Launching GUI...
2025-06-11 21:52:23,426 - INFO - POSiTrad finished with code 0
2025-06-11 21:52:30,550 - INFO - Starting POSiTrad...
2025-06-11 21:52:30,550 - INFO - Launching GUI...
2025-06-11 21:52:32,676 - INFO - POSiTrad finished with code 0
2025-06-11 21:53:13,110 - INFO - Starting POSiTrad...
2025-06-11 21:53:13,110 - INFO - Launching GUI...
2025-06-11 21:53:15,396 - INFO - POSiTrad finished with code 0
2025-06-11 21:53:59,217 - INFO - Starting POSiTrad...
2025-06-11 21:53:59,217 - INFO - Launching GUI...
2025-06-11 21:54:03,632 - INFO - POSiTrad finished with code 0
2025-06-11 21:54:13,758 - INFO - Starting POSiTrad...
2025-06-11 21:54:13,758 - INFO - Launching GUI...
2025-06-11 21:54:15,881 - INFO - POSiTrad finished with code 0
2025-06-11 21:54:36,206 - INFO - Starting POSiTrad...
2025-06-11 21:54:36,206 - INFO - Launching GUI...
2025-06-11 21:54:38,789 - INFO - POSiTrad finished with code 0
2025-06-11 21:55:30,316 - INFO - Starting POSiTrad...
2025-06-11 21:55:30,316 - INFO - Launching GUI...
2025-06-11 21:55:46,885 - INFO - POSiTrad finished with code 0
2025-06-11 21:56:11,600 - INFO - Starting POSiTrad...
2025-06-11 21:56:11,600 - INFO - Launching GUI...
2025-06-11 21:56:16,485 - INFO - POSiTrad finished with code 0
2025-06-11 21:56:25,976 - INFO - Starting POSiTrad...
2025-06-11 21:56:25,976 - INFO - Launching GUI...
2025-06-11 21:56:42,051 - INFO - POSiTrad finished with code 0
2025-06-11 21:58:18,334 - INFO - Starting POSiTrad...
2025-06-11 21:58:18,334 - INFO - Launching GUI...
2025-06-11 21:58:49,017 - INFO - POSiTrad finished with code 0
2025-06-11 22:02:54,173 - INFO - Starting POSiTrad...
2025-06-11 22:02:54,173 - INFO - Launching GUI...
2025-06-11 22:03:07,745 - INFO - POSiTrad finished with code 0
2025-06-11 22:03:41,832 - INFO - Starting POSiTrad...
2025-06-11 22:03:41,832 - INFO - Launching GUI...
2025-06-11 22:07:20,216 - INFO - POSiTrad finished with code 0
2025-06-11 22:08:05,707 - INFO - Starting POSiTrad...
2025-06-11 22:08:05,707 - INFO - Launching GUI...
2025-06-11 22:08:16,645 - INFO - POSiTrad finished with code 0
2025-06-11 22:09:19,728 - INFO - Starting POSiTrad...
2025-06-11 22:09:19,729 - INFO - Launching GUI...
2025-06-11 22:09:54,708 - INFO - POSiTrad finished with code 0
2025-06-11 22:10:25,090 - INFO - Starting POSiTrad...
2025-06-11 22:10:25,090 - INFO - Launching GUI...
2025-06-11 22:10:40,073 - INFO - POSiTrad finished with code 0
2025-06-11 22:10:44,753 - INFO - Starting POSiTrad...
2025-06-11 22:10:44,754 - INFO - Launching GUI...
2025-06-11 22:10:59,960 - INFO - POSiTrad finished with code 0
2025-06-11 22:11:33,254 - INFO - Starting POSiTrad...
2025-06-11 22:11:33,254 - INFO - Launching GUI...
2025-06-11 22:11:37,913 - INFO - POSiTrad finished with code 0
2025-06-11 22:11:47,547 - INFO - Starting POSiTrad...
2025-06-11 22:11:47,547 - INFO - Launching GUI...
2025-06-11 22:12:10,627 - INFO - POSiTrad finished with code 0
2025-06-11 22:13:48,028 - INFO - Starting POSiTrad...
2025-06-11 22:13:48,028 - INFO - Launching GUI...
2025-06-11 22:13:52,590 - INFO - POSiTrad finished with code 0
2025-06-11 22:14:06,607 - INFO - Starting POSiTrad...
2025-06-11 22:14:06,607 - INFO - Launching GUI...
2025-06-11 22:14:18,917 - INFO - POSiTrad finished with code 0
2025-06-11 22:14:52,161 - INFO - Starting POSiTrad...
2025-06-11 22:14:52,161 - INFO - Launching GUI...
2025-06-11 22:14:55,549 - INFO - POSiTrad finished with code 0
2025-06-11 22:15:07,750 - INFO - Starting POSiTrad...
2025-06-11 22:15:07,750 - INFO - Launching GUI...
2025-06-11 22:15:11,055 - INFO - POSiTrad finished with code 0
2025-06-11 22:15:17,235 - INFO - Starting POSiTrad...
2025-06-11 22:15:17,235 - INFO - Launching GUI...
2025-06-11 22:15:25,045 - INFO - POSiTrad finished with code 0
2025-06-11 22:15:43,120 - INFO - Starting POSiTrad...
2025-06-11 22:15:43,120 - INFO - Launching GUI...
2025-06-11 22:16:16,273 - INFO - POSiTrad finished with code 0
2025-06-11 22:18:22,979 - INFO - Starting POSiTrad...
2025-06-11 22:18:22,979 - INFO - Launching GUI...
2025-06-11 22:18:38,093 - INFO - POSiTrad finished with code 0
2025-06-11 22:22:19,941 - INFO - Starting POSiTrad...
2025-06-11 22:22:19,941 - INFO - Launching GUI...
2025-06-11 22:22:59,079 - INFO - Starting POSiTrad...
2025-06-11 22:22:59,079 - INFO - Launching GUI...
2025-06-11 22:23:38,260 - INFO - Starting POSiTrad...
2025-06-11 22:23:38,260 - INFO - Launching GUI...
2025-06-11 22:23:48,397 - INFO - Starting POSiTrad...
2025-06-11 22:23:48,397 - INFO - Launching GUI...
2025-06-11 22:23:57,578 - INFO - POSiTrad finished with code 0
2025-06-11 22:24:10,566 - INFO - Starting POSiTrad...
2025-06-11 22:24:10,567 - INFO - Launching GUI...
2025-06-11 22:24:17,336 - INFO - POSiTrad finished with code 0
2025-06-11 22:25:16,045 - INFO - Starting POSiTrad...
2025-06-11 22:25:16,045 - INFO - Launching GUI...
2025-06-11 22:26:16,577 - INFO - Starting POSiTrad...
2025-06-11 22:26:16,577 - INFO - Launching GUI...
2025-06-11 22:26:21,086 - INFO - POSiTrad finished with code 0
2025-06-11 22:26:36,579 - INFO - Starting POSiTrad...
2025-06-11 22:26:36,579 - INFO - Launching GUI...
2025-06-11 22:26:46,710 - INFO - POSiTrad finished with code 0
